2020-12-15 15:03:35,787 INFO: Starting up a new Tasking Manager application [in /usr/src/app/backend/__init__.py:59]
2020-12-15 15:03:35,787 INFO: Starting up a new Tasking Manager application [in /usr/src/app/backend/__init__.py:59]
2020-12-15 15:03:35,787 DEBUG: Connecting to the database [in /usr/src/app/backend/__init__.py:62]
2020-12-15 15:03:35,788 DEBUG: Connecting to the database [in /usr/src/app/backend/__init__.py:62]
2020-12-15 15:03:35,788 DEBUG: Add root redirect route [in /usr/src/app/backend/__init__.py:66]
2020-12-15 15:03:35,788 DEBUG: Add root redirect route [in /usr/src/app/backend/__init__.py:66]
2020-12-15 15:03:35,789 DEBUG: Adding routes to API endpoints [in /usr/src/app/backend/__init__.py:122]
2020-12-15 15:03:35,789 DEBUG: Adding routes to API endpoints [in /usr/src/app/backend/__init__.py:122]
2020-12-15 15:03:35,789 INFO: Starting up a new Tasking Manager application [in /usr/src/app/backend/__init__.py:59]
2020-12-15 15:03:35,789 DEBUG: Connecting to the database [in /usr/src/app/backend/__init__.py:62]
2020-12-15 15:03:35,789 DEBUG: Add root redirect route [in /usr/src/app/backend/__init__.py:66]
2020-12-15 15:03:35,791 DEBUG: Adding routes to API endpoints [in /usr/src/app/backend/__init__.py:122]
2020-12-15 15:03:35,870 INFO: Starting up a new Tasking Manager application [in /usr/src/app/backend/__init__.py:59]
2020-12-15 15:03:35,870 DEBUG: Connecting to the database [in /usr/src/app/backend/__init__.py:62]
2020-12-15 15:03:35,870 DEBUG: Add root redirect route [in /usr/src/app/backend/__init__.py:66]
2020-12-15 15:03:35,872 DEBUG: Adding routes to API endpoints [in /usr/src/app/backend/__init__.py:122]
2020-12-15 15:03:36,307 DEBUG: Initiated background thread to auto unlock tasks [in /usr/src/app/manage.py:83]
2020-12-15 15:03:36,307 DEBUG: Initiated background thread to auto unlock tasks [in /usr/src/app/manage.py:83]
2020-12-15 15:03:36,325 DEBUG: Initiated background thread to auto unlock tasks [in manage.py:83]
2020-12-15 15:03:36,386 DEBUG: Initiated background thread to auto unlock tasks [in /usr/src/app/manage.py:83]
2020-12-15 15:03:38,696 INFO: Starting up a new Tasking Manager application [in /usr/src/app/backend/__init__.py:59]
2020-12-15 15:03:38,697 DEBUG: Connecting to the database [in /usr/src/app/backend/__init__.py:62]
2020-12-15 15:03:38,697 DEBUG: Add root redirect route [in /usr/src/app/backend/__init__.py:66]
2020-12-15 15:03:38,698 DEBUG: Adding routes to API endpoints [in /usr/src/app/backend/__init__.py:122]
2020-12-15 15:03:39,181 DEBUG: Initiated background thread to auto unlock tasks [in manage.py:83]
2020-12-15 15:03:41,391 INFO: Starting up a new Tasking Manager application [in /usr/src/app/backend/__init__.py:59]
2020-12-15 15:03:41,391 DEBUG: Connecting to the database [in /usr/src/app/backend/__init__.py:62]
2020-12-15 15:03:41,392 DEBUG: Add root redirect route [in /usr/src/app/backend/__init__.py:66]
2020-12-15 15:03:41,393 DEBUG: Adding routes to API endpoints [in /usr/src/app/backend/__init__.py:122]
2020-12-15 15:03:41,894 DEBUG: Initiated background thread to auto unlock tasks [in manage.py:83]
2020-12-15 16:29:02,421 INFO: Starting up a new Tasking Manager application [in /usr/src/app/backend/__init__.py:59]
2020-12-15 16:29:02,422 DEBUG: Connecting to the database [in /usr/src/app/backend/__init__.py:62]
2020-12-15 16:29:02,422 DEBUG: Add root redirect route [in /usr/src/app/backend/__init__.py:66]
2020-12-15 16:29:02,423 DEBUG: Adding routes to API endpoints [in /usr/src/app/backend/__init__.py:122]
2020-12-15 16:29:02,867 INFO: Starting up a new Tasking Manager application [in /usr/src/app/backend/__init__.py:59]
2020-12-15 16:29:02,867 DEBUG: Connecting to the database [in /usr/src/app/backend/__init__.py:62]
2020-12-15 16:29:02,868 DEBUG: Add root redirect route [in /usr/src/app/backend/__init__.py:66]
2020-12-15 16:29:02,868 INFO: Starting up a new Tasking Manager application [in /usr/src/app/backend/__init__.py:59]
2020-12-15 16:29:02,869 DEBUG: Connecting to the database [in /usr/src/app/backend/__init__.py:62]
2020-12-15 16:29:02,869 DEBUG: Add root redirect route [in /usr/src/app/backend/__init__.py:66]
2020-12-15 16:29:02,869 DEBUG: Adding routes to API endpoints [in /usr/src/app/backend/__init__.py:122]
2020-12-15 16:29:02,870 DEBUG: Adding routes to API endpoints [in /usr/src/app/backend/__init__.py:122]
2020-12-15 16:29:02,884 INFO: Starting up a new Tasking Manager application [in /usr/src/app/backend/__init__.py:59]
2020-12-15 16:29:02,885 DEBUG: Connecting to the database [in /usr/src/app/backend/__init__.py:62]
2020-12-15 16:29:02,885 DEBUG: Add root redirect route [in /usr/src/app/backend/__init__.py:66]
2020-12-15 16:29:02,887 DEBUG: Adding routes to API endpoints [in /usr/src/app/backend/__init__.py:122]
2020-12-15 16:29:02,961 DEBUG: Initiated background thread to auto unlock tasks [in manage.py:83]
2020-12-15 16:29:03,324 DEBUG: Initiated background thread to auto unlock tasks [in /usr/src/app/manage.py:83]
2020-12-15 16:29:03,339 DEBUG: Initiated background thread to auto unlock tasks [in /usr/src/app/manage.py:83]
2020-12-15 16:29:03,457 DEBUG: Initiated background thread to auto unlock tasks [in /usr/src/app/manage.py:83]
2020-12-15 16:29:05,347 INFO: Starting up a new Tasking Manager application [in /usr/src/app/backend/__init__.py:59]
2020-12-15 16:29:05,348 DEBUG: Connecting to the database [in /usr/src/app/backend/__init__.py:62]
2020-12-15 16:29:05,348 DEBUG: Add root redirect route [in /usr/src/app/backend/__init__.py:66]
2020-12-15 16:29:05,349 DEBUG: Adding routes to API endpoints [in /usr/src/app/backend/__init__.py:122]
2020-12-15 16:29:05,845 DEBUG: Initiated background thread to auto unlock tasks [in manage.py:83]
2020-12-15 16:29:08,028 INFO: Starting up a new Tasking Manager application [in /usr/src/app/backend/__init__.py:59]
2020-12-15 16:29:08,029 DEBUG: Connecting to the database [in /usr/src/app/backend/__init__.py:62]
2020-12-15 16:29:08,029 DEBUG: Add root redirect route [in /usr/src/app/backend/__init__.py:66]
2020-12-15 16:29:08,030 DEBUG: Adding routes to API endpoints [in /usr/src/app/backend/__init__.py:122]
2020-12-15 16:29:08,534 DEBUG: Initiated background thread to auto unlock tasks [in manage.py:83]
2020-12-15 16:41:24,166 INFO: Starting up a new Tasking Manager application [in /usr/src/app/backend/__init__.py:59]
2020-12-15 16:41:24,166 DEBUG: Connecting to the database [in /usr/src/app/backend/__init__.py:62]
2020-12-15 16:41:24,167 DEBUG: Add root redirect route [in /usr/src/app/backend/__init__.py:66]
2020-12-15 16:41:24,168 DEBUG: Adding routes to API endpoints [in /usr/src/app/backend/__init__.py:122]
2020-12-15 16:41:24,526 INFO: Starting up a new Tasking Manager application [in /usr/src/app/backend/__init__.py:59]
2020-12-15 16:41:24,526 DEBUG: Connecting to the database [in /usr/src/app/backend/__init__.py:62]
2020-12-15 16:41:24,526 DEBUG: Add root redirect route [in /usr/src/app/backend/__init__.py:66]
2020-12-15 16:41:24,527 DEBUG: Adding routes to API endpoints [in /usr/src/app/backend/__init__.py:122]
2020-12-15 16:41:24,534 INFO: Starting up a new Tasking Manager application [in /usr/src/app/backend/__init__.py:59]
2020-12-15 16:41:24,534 DEBUG: Connecting to the database [in /usr/src/app/backend/__init__.py:62]
2020-12-15 16:41:24,535 DEBUG: Add root redirect route [in /usr/src/app/backend/__init__.py:66]
2020-12-15 16:41:24,536 DEBUG: Adding routes to API endpoints [in /usr/src/app/backend/__init__.py:122]
2020-12-15 16:41:24,639 INFO: Starting up a new Tasking Manager application [in /usr/src/app/backend/__init__.py:59]
2020-12-15 16:41:24,640 DEBUG: Connecting to the database [in /usr/src/app/backend/__init__.py:62]
2020-12-15 16:41:24,640 DEBUG: Add root redirect route [in /usr/src/app/backend/__init__.py:66]
2020-12-15 16:41:24,641 DEBUG: Adding routes to API endpoints [in /usr/src/app/backend/__init__.py:122]
2020-12-15 16:41:24,657 DEBUG: Initiated background thread to auto unlock tasks [in manage.py:83]
2020-12-15 16:41:24,972 DEBUG: Initiated background thread to auto unlock tasks [in /usr/src/app/manage.py:83]
2020-12-15 16:41:25,109 DEBUG: Initiated background thread to auto unlock tasks [in /usr/src/app/manage.py:83]
2020-12-15 16:41:25,215 DEBUG: Initiated background thread to auto unlock tasks [in /usr/src/app/manage.py:83]
2020-12-15 16:41:27,013 INFO: Starting up a new Tasking Manager application [in /usr/src/app/backend/__init__.py:59]
2020-12-15 16:41:27,014 DEBUG: Connecting to the database [in /usr/src/app/backend/__init__.py:62]
2020-12-15 16:41:27,014 DEBUG: Add root redirect route [in /usr/src/app/backend/__init__.py:66]
2020-12-15 16:41:27,015 DEBUG: Adding routes to API endpoints [in /usr/src/app/backend/__init__.py:122]
2020-12-15 16:41:27,547 DEBUG: Initiated background thread to auto unlock tasks [in manage.py:83]
2020-12-15 16:41:29,745 INFO: Starting up a new Tasking Manager application [in /usr/src/app/backend/__init__.py:59]
2020-12-15 16:41:29,746 DEBUG: Connecting to the database [in /usr/src/app/backend/__init__.py:62]
2020-12-15 16:41:29,746 DEBUG: Add root redirect route [in /usr/src/app/backend/__init__.py:66]
2020-12-15 16:41:29,747 DEBUG: Adding routes to API endpoints [in /usr/src/app/backend/__init__.py:122]
2020-12-15 16:41:30,249 DEBUG: Initiated background thread to auto unlock tasks [in manage.py:83]
2020-12-15 17:24:47,593 INFO: Starting up a new Tasking Manager application [in /usr/src/app/backend/__init__.py:59]
2020-12-15 17:24:47,593 DEBUG: Connecting to the database [in /usr/src/app/backend/__init__.py:62]
2020-12-15 17:24:47,594 DEBUG: Add root redirect route [in /usr/src/app/backend/__init__.py:66]
2020-12-15 17:24:47,595 DEBUG: Adding routes to API endpoints [in /usr/src/app/backend/__init__.py:122]
2020-12-15 17:24:48,059 DEBUG: Initiated background thread to auto unlock tasks [in manage.py:83]
2020-12-15 17:24:48,129 INFO: Starting up a new Tasking Manager application [in /usr/src/app/backend/__init__.py:59]
2020-12-15 17:24:48,129 DEBUG: Connecting to the database [in /usr/src/app/backend/__init__.py:62]
2020-12-15 17:24:48,129 DEBUG: Add root redirect route [in /usr/src/app/backend/__init__.py:66]
2020-12-15 17:24:48,130 DEBUG: Adding routes to API endpoints [in /usr/src/app/backend/__init__.py:122]
2020-12-15 17:24:48,135 INFO: Starting up a new Tasking Manager application [in /usr/src/app/backend/__init__.py:59]
2020-12-15 17:24:48,135 DEBUG: Connecting to the database [in /usr/src/app/backend/__init__.py:62]
2020-12-15 17:24:48,135 DEBUG: Add root redirect route [in /usr/src/app/backend/__init__.py:66]
2020-12-15 17:24:48,136 DEBUG: Adding routes to API endpoints [in /usr/src/app/backend/__init__.py:122]
2020-12-15 17:24:48,161 INFO: Starting up a new Tasking Manager application [in /usr/src/app/backend/__init__.py:59]
2020-12-15 17:24:48,162 DEBUG: Connecting to the database [in /usr/src/app/backend/__init__.py:62]
2020-12-15 17:24:48,162 DEBUG: Add root redirect route [in /usr/src/app/backend/__init__.py:66]
2020-12-15 17:24:48,163 DEBUG: Adding routes to API endpoints [in /usr/src/app/backend/__init__.py:122]
2020-12-15 17:24:48,574 DEBUG: Initiated background thread to auto unlock tasks [in /usr/src/app/manage.py:83]
2020-12-15 17:24:48,591 DEBUG: Initiated background thread to auto unlock tasks [in /usr/src/app/manage.py:83]
2020-12-15 17:24:48,595 DEBUG: Initiated background thread to auto unlock tasks [in /usr/src/app/manage.py:83]
2020-12-15 17:24:50,477 INFO: Starting up a new Tasking Manager application [in /usr/src/app/backend/__init__.py:59]
2020-12-15 17:24:50,477 DEBUG: Connecting to the database [in /usr/src/app/backend/__init__.py:62]
2020-12-15 17:24:50,477 DEBUG: Add root redirect route [in /usr/src/app/backend/__init__.py:66]
2020-12-15 17:24:50,478 DEBUG: Adding routes to API endpoints [in /usr/src/app/backend/__init__.py:122]
2020-12-15 17:24:50,990 DEBUG: Initiated background thread to auto unlock tasks [in manage.py:83]
2020-12-15 17:24:53,279 INFO: Starting up a new Tasking Manager application [in /usr/src/app/backend/__init__.py:59]
2020-12-15 17:24:53,280 DEBUG: Connecting to the database [in /usr/src/app/backend/__init__.py:62]
2020-12-15 17:24:53,280 DEBUG: Add root redirect route [in /usr/src/app/backend/__init__.py:66]
2020-12-15 17:24:53,281 DEBUG: Adding routes to API endpoints [in /usr/src/app/backend/__init__.py:122]
2020-12-15 17:24:53,786 DEBUG: Initiated background thread to auto unlock tasks [in manage.py:83]
2020-12-15 17:38:31,418 INFO: Starting up a new Tasking Manager application [in /usr/src/app/backend/__init__.py:59]
2020-12-15 17:38:31,419 DEBUG: Connecting to the database [in /usr/src/app/backend/__init__.py:62]
2020-12-15 17:38:31,419 DEBUG: Add root redirect route [in /usr/src/app/backend/__init__.py:66]
2020-12-15 17:38:31,420 DEBUG: Adding routes to API endpoints [in /usr/src/app/backend/__init__.py:122]
2020-12-15 17:38:31,805 INFO: Starting up a new Tasking Manager application [in /usr/src/app/backend/__init__.py:59]
2020-12-15 17:38:31,806 DEBUG: Connecting to the database [in /usr/src/app/backend/__init__.py:62]
2020-12-15 17:38:31,806 DEBUG: Add root redirect route [in /usr/src/app/backend/__init__.py:66]
2020-12-15 17:38:31,807 DEBUG: Adding routes to API endpoints [in /usr/src/app/backend/__init__.py:122]
2020-12-15 17:38:31,821 INFO: Starting up a new Tasking Manager application [in /usr/src/app/backend/__init__.py:59]
2020-12-15 17:38:31,822 DEBUG: Connecting to the database [in /usr/src/app/backend/__init__.py:62]
2020-12-15 17:38:31,822 DEBUG: Add root redirect route [in /usr/src/app/backend/__init__.py:66]
2020-12-15 17:38:31,823 DEBUG: Adding routes to API endpoints [in /usr/src/app/backend/__init__.py:122]
2020-12-15 17:38:31,878 INFO: Starting up a new Tasking Manager application [in /usr/src/app/backend/__init__.py:59]
2020-12-15 17:38:31,878 DEBUG: Connecting to the database [in /usr/src/app/backend/__init__.py:62]
2020-12-15 17:38:31,879 DEBUG: Add root redirect route [in /usr/src/app/backend/__init__.py:66]
2020-12-15 17:38:31,880 DEBUG: Adding routes to API endpoints [in /usr/src/app/backend/__init__.py:122]
2020-12-15 17:38:31,899 DEBUG: Initiated background thread to auto unlock tasks [in manage.py:83]
2020-12-15 17:38:32,324 DEBUG: Initiated background thread to auto unlock tasks [in /usr/src/app/manage.py:83]
2020-12-15 17:38:32,335 DEBUG: Initiated background thread to auto unlock tasks [in /usr/src/app/manage.py:83]
2020-12-15 17:38:32,390 DEBUG: Initiated background thread to auto unlock tasks [in /usr/src/app/manage.py:83]
2020-12-15 17:38:34,337 INFO: Starting up a new Tasking Manager application [in /usr/src/app/backend/__init__.py:59]
2020-12-15 17:38:34,338 DEBUG: Connecting to the database [in /usr/src/app/backend/__init__.py:62]
2020-12-15 17:38:34,338 DEBUG: Add root redirect route [in /usr/src/app/backend/__init__.py:66]
2020-12-15 17:38:34,339 DEBUG: Adding routes to API endpoints [in /usr/src/app/backend/__init__.py:122]
2020-12-15 17:38:34,847 DEBUG: Initiated background thread to auto unlock tasks [in manage.py:83]
2020-12-15 17:38:37,057 INFO: Starting up a new Tasking Manager application [in /usr/src/app/backend/__init__.py:59]
2020-12-15 17:38:37,057 DEBUG: Connecting to the database [in /usr/src/app/backend/__init__.py:62]
2020-12-15 17:38:37,057 DEBUG: Add root redirect route [in /usr/src/app/backend/__init__.py:66]
2020-12-15 17:38:37,058 DEBUG: Adding routes to API endpoints [in /usr/src/app/backend/__init__.py:122]
2020-12-15 17:38:37,572 DEBUG: Initiated background thread to auto unlock tasks [in manage.py:83]
2020-12-15 21:52:09,364 INFO: Starting up a new Tasking Manager application [in /usr/src/app/backend/__init__.py:59]
2020-12-15 21:52:09,364 DEBUG: Connecting to the database [in /usr/src/app/backend/__init__.py:62]
2020-12-15 21:52:09,364 DEBUG: Add root redirect route [in /usr/src/app/backend/__init__.py:66]
2020-12-15 21:52:09,365 DEBUG: Adding routes to API endpoints [in /usr/src/app/backend/__init__.py:122]
2020-12-15 21:52:09,553 INFO: Starting up a new Tasking Manager application [in /usr/src/app/backend/__init__.py:59]
2020-12-15 21:52:09,553 DEBUG: Connecting to the database [in /usr/src/app/backend/__init__.py:62]
2020-12-15 21:52:09,554 DEBUG: Add root redirect route [in /usr/src/app/backend/__init__.py:66]
2020-12-15 21:52:09,555 DEBUG: Adding routes to API endpoints [in /usr/src/app/backend/__init__.py:122]
2020-12-15 21:52:09,555 INFO: Starting up a new Tasking Manager application [in /usr/src/app/backend/__init__.py:59]
2020-12-15 21:52:09,555 DEBUG: Connecting to the database [in /usr/src/app/backend/__init__.py:62]
2020-12-15 21:52:09,555 DEBUG: Add root redirect route [in /usr/src/app/backend/__init__.py:66]
2020-12-15 21:52:09,556 DEBUG: Adding routes to API endpoints [in /usr/src/app/backend/__init__.py:122]
2020-12-15 21:52:09,633 INFO: Starting up a new Tasking Manager application [in /usr/src/app/backend/__init__.py:59]
2020-12-15 21:52:09,634 DEBUG: Connecting to the database [in /usr/src/app/backend/__init__.py:62]
2020-12-15 21:52:09,634 DEBUG: Add root redirect route [in /usr/src/app/backend/__init__.py:66]
2020-12-15 21:52:09,635 DEBUG: Adding routes to API endpoints [in /usr/src/app/backend/__init__.py:122]
2020-12-15 21:52:09,909 DEBUG: Initiated background thread to auto unlock tasks [in manage.py:83]
2020-12-15 21:52:09,979 DEBUG: Initiated background thread to auto unlock tasks [in /usr/src/app/manage.py:83]
2020-12-15 21:52:09,988 DEBUG: Initiated background thread to auto unlock tasks [in /usr/src/app/manage.py:83]
2020-12-15 21:52:10,145 DEBUG: Initiated background thread to auto unlock tasks [in /usr/src/app/manage.py:83]
2020-12-15 21:52:12,078 INFO: Starting up a new Tasking Manager application [in /usr/src/app/backend/__init__.py:59]
2020-12-15 21:52:12,078 DEBUG: Connecting to the database [in /usr/src/app/backend/__init__.py:62]
2020-12-15 21:52:12,079 DEBUG: Add root redirect route [in /usr/src/app/backend/__init__.py:66]
2020-12-15 21:52:12,080 DEBUG: Adding routes to API endpoints [in /usr/src/app/backend/__init__.py:122]
2020-12-15 21:52:12,526 DEBUG: Initiated background thread to auto unlock tasks [in manage.py:83]
2020-12-15 21:52:14,564 INFO: Starting up a new Tasking Manager application [in /usr/src/app/backend/__init__.py:59]
2020-12-15 21:52:14,564 DEBUG: Connecting to the database [in /usr/src/app/backend/__init__.py:62]
2020-12-15 21:52:14,565 DEBUG: Add root redirect route [in /usr/src/app/backend/__init__.py:66]
2020-12-15 21:52:14,566 DEBUG: Adding routes to API endpoints [in /usr/src/app/backend/__init__.py:122]
2020-12-15 21:52:15,029 DEBUG: Initiated background thread to auto unlock tasks [in manage.py:83]
2020-12-15 21:56:54,934 INFO: Starting up a new Tasking Manager application [in /usr/src/app/backend/__init__.py:59]
2020-12-15 21:56:54,934 DEBUG: Connecting to the database [in /usr/src/app/backend/__init__.py:62]
2020-12-15 21:56:54,934 DEBUG: Add root redirect route [in /usr/src/app/backend/__init__.py:66]
2020-12-15 21:56:54,936 DEBUG: Adding routes to API endpoints [in /usr/src/app/backend/__init__.py:122]
2020-12-15 21:56:55,332 INFO: Starting up a new Tasking Manager application [in /usr/src/app/backend/__init__.py:59]
2020-12-15 21:56:55,332 DEBUG: Connecting to the database [in /usr/src/app/backend/__init__.py:62]
2020-12-15 21:56:55,333 DEBUG: Add root redirect route [in /usr/src/app/backend/__init__.py:66]
2020-12-15 21:56:55,334 DEBUG: Adding routes to API endpoints [in /usr/src/app/backend/__init__.py:122]
2020-12-15 21:56:55,345 INFO: Starting up a new Tasking Manager application [in /usr/src/app/backend/__init__.py:59]
2020-12-15 21:56:55,346 DEBUG: Connecting to the database [in /usr/src/app/backend/__init__.py:62]
2020-12-15 21:56:55,346 DEBUG: Add root redirect route [in /usr/src/app/backend/__init__.py:66]
2020-12-15 21:56:55,348 DEBUG: Adding routes to API endpoints [in /usr/src/app/backend/__init__.py:122]
2020-12-15 21:56:55,378 INFO: Starting up a new Tasking Manager application [in /usr/src/app/backend/__init__.py:59]
2020-12-15 21:56:55,379 DEBUG: Connecting to the database [in /usr/src/app/backend/__init__.py:62]
2020-12-15 21:56:55,379 DEBUG: Add root redirect route [in /usr/src/app/backend/__init__.py:66]
2020-12-15 21:56:55,380 DEBUG: Adding routes to API endpoints [in /usr/src/app/backend/__init__.py:122]
2020-12-15 21:56:55,386 DEBUG: Initiated background thread to auto unlock tasks [in manage.py:83]
2020-12-15 21:56:55,752 DEBUG: Initiated background thread to auto unlock tasks [in /usr/src/app/manage.py:83]
2020-12-15 21:56:55,848 DEBUG: Initiated background thread to auto unlock tasks [in /usr/src/app/manage.py:83]
2020-12-15 21:56:55,891 DEBUG: Initiated background thread to auto unlock tasks [in /usr/src/app/manage.py:83]
2020-12-15 21:56:57,590 INFO: Starting up a new Tasking Manager application [in /usr/src/app/backend/__init__.py:59]
2020-12-15 21:56:57,590 DEBUG: Connecting to the database [in /usr/src/app/backend/__init__.py:62]
2020-12-15 21:56:57,590 DEBUG: Add root redirect route [in /usr/src/app/backend/__init__.py:66]
2020-12-15 21:56:57,591 DEBUG: Adding routes to API endpoints [in /usr/src/app/backend/__init__.py:122]
2020-12-15 21:56:58,111 DEBUG: Initiated background thread to auto unlock tasks [in manage.py:83]
2020-12-15 21:57:00,257 INFO: Starting up a new Tasking Manager application [in /usr/src/app/backend/__init__.py:59]
2020-12-15 21:57:00,257 DEBUG: Connecting to the database [in /usr/src/app/backend/__init__.py:62]
2020-12-15 21:57:00,257 DEBUG: Add root redirect route [in /usr/src/app/backend/__init__.py:66]
2020-12-15 21:57:00,258 DEBUG: Adding routes to API endpoints [in /usr/src/app/backend/__init__.py:122]
2020-12-15 21:57:00,755 DEBUG: Initiated background thread to auto unlock tasks [in manage.py:83]
2020-12-17 04:04:53,806 INFO: Starting up a new Tasking Manager application [in /usr/src/app/backend/__init__.py:59]
2020-12-17 04:04:53,807 DEBUG: Connecting to the database [in /usr/src/app/backend/__init__.py:62]
2020-12-17 04:04:53,807 DEBUG: Add root redirect route [in /usr/src/app/backend/__init__.py:66]
2020-12-17 04:04:53,808 DEBUG: Adding routes to API endpoints [in /usr/src/app/backend/__init__.py:122]
2020-12-17 04:04:54,226 INFO: Starting up a new Tasking Manager application [in /usr/src/app/backend/__init__.py:59]
2020-12-17 04:04:54,227 DEBUG: Connecting to the database [in /usr/src/app/backend/__init__.py:62]
2020-12-17 04:04:54,227 DEBUG: Add root redirect route [in /usr/src/app/backend/__init__.py:66]
2020-12-17 04:04:54,228 DEBUG: Adding routes to API endpoints [in /usr/src/app/backend/__init__.py:122]
2020-12-17 04:04:54,272 INFO: Starting up a new Tasking Manager application [in /usr/src/app/backend/__init__.py:59]
2020-12-17 04:04:54,273 DEBUG: Connecting to the database [in /usr/src/app/backend/__init__.py:62]
2020-12-17 04:04:54,273 DEBUG: Add root redirect route [in /usr/src/app/backend/__init__.py:66]
2020-12-17 04:04:54,274 INFO: Starting up a new Tasking Manager application [in /usr/src/app/backend/__init__.py:59]
2020-12-17 04:04:54,274 DEBUG: Connecting to the database [in /usr/src/app/backend/__init__.py:62]
2020-12-17 04:04:54,274 DEBUG: Add root redirect route [in /usr/src/app/backend/__init__.py:66]
2020-12-17 04:04:54,275 DEBUG: Adding routes to API endpoints [in /usr/src/app/backend/__init__.py:122]
2020-12-17 04:04:54,276 DEBUG: Adding routes to API endpoints [in /usr/src/app/backend/__init__.py:122]
2020-12-17 04:04:54,294 DEBUG: Initiated background thread to auto unlock tasks [in manage.py:83]
2020-12-17 04:04:54,692 DEBUG: Initiated background thread to auto unlock tasks [in /usr/src/app/manage.py:83]
2020-12-17 04:04:54,827 DEBUG: Initiated background thread to auto unlock tasks [in /usr/src/app/manage.py:83]
2020-12-17 04:04:54,849 DEBUG: Initiated background thread to auto unlock tasks [in /usr/src/app/manage.py:83]
2020-12-17 04:04:56,753 INFO: Starting up a new Tasking Manager application [in /usr/src/app/backend/__init__.py:59]
2020-12-17 04:04:56,754 DEBUG: Connecting to the database [in /usr/src/app/backend/__init__.py:62]
2020-12-17 04:04:56,754 DEBUG: Add root redirect route [in /usr/src/app/backend/__init__.py:66]
2020-12-17 04:04:56,755 DEBUG: Adding routes to API endpoints [in /usr/src/app/backend/__init__.py:122]
2020-12-17 04:04:57,286 DEBUG: Initiated background thread to auto unlock tasks [in manage.py:83]
2020-12-17 04:04:59,512 INFO: Starting up a new Tasking Manager application [in /usr/src/app/backend/__init__.py:59]
2020-12-17 04:04:59,513 DEBUG: Connecting to the database [in /usr/src/app/backend/__init__.py:62]
2020-12-17 04:04:59,513 DEBUG: Add root redirect route [in /usr/src/app/backend/__init__.py:66]
2020-12-17 04:04:59,514 DEBUG: Adding routes to API endpoints [in /usr/src/app/backend/__init__.py:122]
2020-12-17 04:05:00,008 DEBUG: Initiated background thread to auto unlock tasks [in manage.py:83]
2020-12-17 04:07:43,676 INFO: Starting up a new Tasking Manager application [in /usr/src/app/backend/__init__.py:59]
2020-12-17 04:07:43,677 DEBUG: Connecting to the database [in /usr/src/app/backend/__init__.py:62]
2020-12-17 04:07:43,677 DEBUG: Add root redirect route [in /usr/src/app/backend/__init__.py:66]
2020-12-17 04:07:43,678 DEBUG: Adding routes to API endpoints [in /usr/src/app/backend/__init__.py:122]
2020-12-17 04:07:44,127 INFO: Starting up a new Tasking Manager application [in /usr/src/app/backend/__init__.py:59]
2020-12-17 04:07:44,128 DEBUG: Connecting to the database [in /usr/src/app/backend/__init__.py:62]
2020-12-17 04:07:44,128 DEBUG: Add root redirect route [in /usr/src/app/backend/__init__.py:66]
2020-12-17 04:07:44,129 DEBUG: Adding routes to API endpoints [in /usr/src/app/backend/__init__.py:122]
2020-12-17 04:07:44,196 INFO: Starting up a new Tasking Manager application [in /usr/src/app/backend/__init__.py:59]
2020-12-17 04:07:44,197 DEBUG: Connecting to the database [in /usr/src/app/backend/__init__.py:62]
2020-12-17 04:07:44,197 DEBUG: Add root redirect route [in /usr/src/app/backend/__init__.py:66]
2020-12-17 04:07:44,198 DEBUG: Adding routes to API endpoints [in /usr/src/app/backend/__init__.py:122]
2020-12-17 04:07:44,221 DEBUG: Initiated background thread to auto unlock tasks [in manage.py:83]
2020-12-17 04:07:44,274 INFO: Starting up a new Tasking Manager application [in /usr/src/app/backend/__init__.py:59]
2020-12-17 04:07:44,274 DEBUG: Connecting to the database [in /usr/src/app/backend/__init__.py:62]
2020-12-17 04:07:44,275 DEBUG: Add root redirect route [in /usr/src/app/backend/__init__.py:66]
2020-12-17 04:07:44,276 DEBUG: Adding routes to API endpoints [in /usr/src/app/backend/__init__.py:122]
2020-12-17 04:07:44,583 DEBUG: Initiated background thread to auto unlock tasks [in /usr/src/app/manage.py:83]
2020-12-17 04:07:44,642 DEBUG: Initiated background thread to auto unlock tasks [in /usr/src/app/manage.py:83]
2020-12-17 04:07:44,718 DEBUG: Initiated background thread to auto unlock tasks [in /usr/src/app/manage.py:83]
2020-12-17 04:24:05,735 INFO: Starting up a new Tasking Manager application [in /usr/src/app/backend/__init__.py:59]
2020-12-17 04:24:05,735 DEBUG: Connecting to the database [in /usr/src/app/backend/__init__.py:62]
2020-12-17 04:24:05,736 DEBUG: Add root redirect route [in /usr/src/app/backend/__init__.py:66]
2020-12-17 04:24:05,737 DEBUG: Adding routes to API endpoints [in /usr/src/app/backend/__init__.py:122]
2020-12-17 04:24:05,936 INFO: Starting up a new Tasking Manager application [in /usr/src/app/backend/__init__.py:59]
2020-12-17 04:24:05,936 DEBUG: Connecting to the database [in /usr/src/app/backend/__init__.py:62]
2020-12-17 04:24:05,937 DEBUG: Add root redirect route [in /usr/src/app/backend/__init__.py:66]
2020-12-17 04:24:05,938 DEBUG: Adding routes to API endpoints [in /usr/src/app/backend/__init__.py:122]
2020-12-17 04:24:05,938 INFO: Starting up a new Tasking Manager application [in /usr/src/app/backend/__init__.py:59]
2020-12-17 04:24:05,938 DEBUG: Connecting to the database [in /usr/src/app/backend/__init__.py:62]
2020-12-17 04:24:05,939 DEBUG: Add root redirect route [in /usr/src/app/backend/__init__.py:66]
2020-12-17 04:24:05,940 DEBUG: Adding routes to API endpoints [in /usr/src/app/backend/__init__.py:122]
2020-12-17 04:24:06,027 INFO: Starting up a new Tasking Manager application [in /usr/src/app/backend/__init__.py:59]
2020-12-17 04:24:06,027 DEBUG: Connecting to the database [in /usr/src/app/backend/__init__.py:62]
2020-12-17 04:24:06,028 DEBUG: Add root redirect route [in /usr/src/app/backend/__init__.py:66]
2020-12-17 04:24:06,029 DEBUG: Adding routes to API endpoints [in /usr/src/app/backend/__init__.py:122]
2020-12-17 04:24:06,212 DEBUG: Initiated background thread to auto unlock tasks [in manage.py:83]
2020-12-17 04:24:06,380 DEBUG: Initiated background thread to auto unlock tasks [in /usr/src/app/manage.py:83]
2020-12-17 04:24:06,382 DEBUG: Initiated background thread to auto unlock tasks [in /usr/src/app/manage.py:83]
2020-12-17 04:24:06,613 DEBUG: Initiated background thread to auto unlock tasks [in /usr/src/app/manage.py:83]
2020-12-17 04:24:08,758 INFO: Starting up a new Tasking Manager application [in /usr/src/app/backend/__init__.py:59]
2020-12-17 04:24:08,758 DEBUG: Connecting to the database [in /usr/src/app/backend/__init__.py:62]
2020-12-17 04:24:08,758 DEBUG: Add root redirect route [in /usr/src/app/backend/__init__.py:66]
2020-12-17 04:24:08,759 DEBUG: Adding routes to API endpoints [in /usr/src/app/backend/__init__.py:122]
2020-12-17 04:24:09,236 DEBUG: Initiated background thread to auto unlock tasks [in manage.py:83]
2020-12-17 04:24:11,615 INFO: Starting up a new Tasking Manager application [in /usr/src/app/backend/__init__.py:59]
2020-12-17 04:24:11,616 DEBUG: Connecting to the database [in /usr/src/app/backend/__init__.py:62]
2020-12-17 04:24:11,616 DEBUG: Add root redirect route [in /usr/src/app/backend/__init__.py:66]
2020-12-17 04:24:11,617 DEBUG: Adding routes to API endpoints [in /usr/src/app/backend/__init__.py:122]
2020-12-17 04:24:12,118 DEBUG: Initiated background thread to auto unlock tasks [in manage.py:83]
2020-12-17 04:26:37,706 INFO: Starting up a new Tasking Manager application [in /usr/src/app/backend/__init__.py:59]
2020-12-17 04:26:37,706 DEBUG: Connecting to the database [in /usr/src/app/backend/__init__.py:62]
2020-12-17 04:26:37,706 DEBUG: Add root redirect route [in /usr/src/app/backend/__init__.py:66]
2020-12-17 04:26:37,707 DEBUG: Adding routes to API endpoints [in /usr/src/app/backend/__init__.py:122]
2020-12-17 04:26:38,097 INFO: Starting up a new Tasking Manager application [in /usr/src/app/backend/__init__.py:59]
2020-12-17 04:26:38,097 DEBUG: Connecting to the database [in /usr/src/app/backend/__init__.py:62]
2020-12-17 04:26:38,098 DEBUG: Add root redirect route [in /usr/src/app/backend/__init__.py:66]
2020-12-17 04:26:38,098 DEBUG: Adding routes to API endpoints [in /usr/src/app/backend/__init__.py:122]
2020-12-17 04:26:38,105 INFO: Starting up a new Tasking Manager application [in /usr/src/app/backend/__init__.py:59]
2020-12-17 04:26:38,105 DEBUG: Connecting to the database [in /usr/src/app/backend/__init__.py:62]
2020-12-17 04:26:38,106 DEBUG: Add root redirect route [in /usr/src/app/backend/__init__.py:66]
2020-12-17 04:26:38,107 DEBUG: Adding routes to API endpoints [in /usr/src/app/backend/__init__.py:122]
2020-12-17 04:26:38,162 INFO: Starting up a new Tasking Manager application [in /usr/src/app/backend/__init__.py:59]
2020-12-17 04:26:38,163 DEBUG: Connecting to the database [in /usr/src/app/backend/__init__.py:62]
2020-12-17 04:26:38,163 DEBUG: Add root redirect route [in /usr/src/app/backend/__init__.py:66]
2020-12-17 04:26:38,165 DEBUG: Adding routes to API endpoints [in /usr/src/app/backend/__init__.py:122]
2020-12-17 04:26:38,207 DEBUG: Initiated background thread to auto unlock tasks [in manage.py:83]
2020-12-17 04:26:38,591 DEBUG: Initiated background thread to auto unlock tasks [in /usr/src/app/manage.py:83]
2020-12-17 04:26:38,668 DEBUG: Initiated background thread to auto unlock tasks [in /usr/src/app/manage.py:83]
2020-12-17 04:26:38,705 DEBUG: Initiated background thread to auto unlock tasks [in /usr/src/app/manage.py:83]
2020-12-17 04:26:40,648 INFO: Starting up a new Tasking Manager application [in /usr/src/app/backend/__init__.py:59]
2020-12-17 04:26:40,648 DEBUG: Connecting to the database [in /usr/src/app/backend/__init__.py:62]
2020-12-17 04:26:40,648 DEBUG: Add root redirect route [in /usr/src/app/backend/__init__.py:66]
2020-12-17 04:26:40,649 DEBUG: Adding routes to API endpoints [in /usr/src/app/backend/__init__.py:122]
2020-12-17 04:26:41,133 DEBUG: Initiated background thread to auto unlock tasks [in manage.py:83]
2020-12-17 04:26:43,320 INFO: Starting up a new Tasking Manager application [in /usr/src/app/backend/__init__.py:59]
2020-12-17 04:26:43,321 DEBUG: Connecting to the database [in /usr/src/app/backend/__init__.py:62]
2020-12-17 04:26:43,321 DEBUG: Add root redirect route [in /usr/src/app/backend/__init__.py:66]
2020-12-17 04:26:43,322 DEBUG: Adding routes to API endpoints [in /usr/src/app/backend/__init__.py:122]
2020-12-17 04:26:43,820 DEBUG: Initiated background thread to auto unlock tasks [in manage.py:83]
2020-12-17 06:08:10,793 INFO: Starting up a new Tasking Manager application [in /usr/src/app/backend/__init__.py:59]
2020-12-17 06:08:10,793 DEBUG: Connecting to the database [in /usr/src/app/backend/__init__.py:62]
2020-12-17 06:08:10,793 DEBUG: Add root redirect route [in /usr/src/app/backend/__init__.py:66]
2020-12-17 06:08:10,794 DEBUG: Adding routes to API endpoints [in /usr/src/app/backend/__init__.py:122]
2020-12-17 06:08:11,261 INFO: Starting up a new Tasking Manager application [in /usr/src/app/backend/__init__.py:59]
2020-12-17 06:08:11,261 DEBUG: Connecting to the database [in /usr/src/app/backend/__init__.py:62]
2020-12-17 06:08:11,262 DEBUG: Add root redirect route [in /usr/src/app/backend/__init__.py:66]
2020-12-17 06:08:11,263 DEBUG: Adding routes to API endpoints [in /usr/src/app/backend/__init__.py:122]
2020-12-17 06:08:11,273 INFO: Starting up a new Tasking Manager application [in /usr/src/app/backend/__init__.py:59]
2020-12-17 06:08:11,273 DEBUG: Connecting to the database [in /usr/src/app/backend/__init__.py:62]
2020-12-17 06:08:11,273 DEBUG: Add root redirect route [in /usr/src/app/backend/__init__.py:66]
2020-12-17 06:08:11,275 DEBUG: Adding routes to API endpoints [in /usr/src/app/backend/__init__.py:122]
2020-12-17 06:08:11,279 DEBUG: Initiated background thread to auto unlock tasks [in manage.py:83]
2020-12-17 06:08:11,335 INFO: Starting up a new Tasking Manager application [in /usr/src/app/backend/__init__.py:59]
2020-12-17 06:08:11,335 DEBUG: Connecting to the database [in /usr/src/app/backend/__init__.py:62]
2020-12-17 06:08:11,335 DEBUG: Add root redirect route [in /usr/src/app/backend/__init__.py:66]
2020-12-17 06:08:11,337 DEBUG: Adding routes to API endpoints [in /usr/src/app/backend/__init__.py:122]
2020-12-17 06:08:11,813 DEBUG: Initiated background thread to auto unlock tasks [in /usr/src/app/manage.py:83]
2020-12-17 06:08:11,853 DEBUG: Initiated background thread to auto unlock tasks [in /usr/src/app/manage.py:83]
2020-12-17 06:08:11,919 DEBUG: Initiated background thread to auto unlock tasks [in /usr/src/app/manage.py:83]
2020-12-17 06:08:14,082 INFO: Starting up a new Tasking Manager application [in /usr/src/app/backend/__init__.py:59]
2020-12-17 06:08:14,083 DEBUG: Connecting to the database [in /usr/src/app/backend/__init__.py:62]
2020-12-17 06:08:14,084 DEBUG: Add root redirect route [in /usr/src/app/backend/__init__.py:66]
2020-12-17 06:08:14,085 DEBUG: Adding routes to API endpoints [in /usr/src/app/backend/__init__.py:122]
2020-12-17 06:08:14,699 DEBUG: Initiated background thread to auto unlock tasks [in manage.py:83]
2020-12-17 06:08:18,240 INFO: Starting up a new Tasking Manager application [in /usr/src/app/backend/__init__.py:59]
2020-12-17 06:08:18,241 DEBUG: Connecting to the database [in /usr/src/app/backend/__init__.py:62]
2020-12-17 06:08:18,241 DEBUG: Add root redirect route [in /usr/src/app/backend/__init__.py:66]
2020-12-17 06:08:18,242 DEBUG: Adding routes to API endpoints [in /usr/src/app/backend/__init__.py:122]
2020-12-17 06:08:18,901 DEBUG: Initiated background thread to auto unlock tasks [in manage.py:83]
2020-12-17 06:25:22,100 INFO: Starting up a new Tasking Manager application [in /usr/src/app/backend/__init__.py:59]
2020-12-17 06:25:22,100 DEBUG: Connecting to the database [in /usr/src/app/backend/__init__.py:62]
2020-12-17 06:25:22,100 DEBUG: Add root redirect route [in /usr/src/app/backend/__init__.py:66]
2020-12-17 06:25:22,102 DEBUG: Adding routes to API endpoints [in /usr/src/app/backend/__init__.py:122]
2020-12-17 06:25:22,389 INFO: Starting up a new Tasking Manager application [in /usr/src/app/backend/__init__.py:59]
2020-12-17 06:25:22,389 DEBUG: Connecting to the database [in /usr/src/app/backend/__init__.py:62]
2020-12-17 06:25:22,389 DEBUG: Add root redirect route [in /usr/src/app/backend/__init__.py:66]
2020-12-17 06:25:22,391 DEBUG: Adding routes to API endpoints [in /usr/src/app/backend/__init__.py:122]
2020-12-17 06:25:22,391 INFO: Starting up a new Tasking Manager application [in /usr/src/app/backend/__init__.py:59]
2020-12-17 06:25:22,392 DEBUG: Connecting to the database [in /usr/src/app/backend/__init__.py:62]
2020-12-17 06:25:22,392 DEBUG: Add root redirect route [in /usr/src/app/backend/__init__.py:66]
2020-12-17 06:25:22,393 DEBUG: Adding routes to API endpoints [in /usr/src/app/backend/__init__.py:122]
2020-12-17 06:25:22,393 INFO: Starting up a new Tasking Manager application [in /usr/src/app/backend/__init__.py:59]
2020-12-17 06:25:22,394 DEBUG: Connecting to the database [in /usr/src/app/backend/__init__.py:62]
2020-12-17 06:25:22,394 DEBUG: Add root redirect route [in /usr/src/app/backend/__init__.py:66]
2020-12-17 06:25:22,396 DEBUG: Adding routes to API endpoints [in /usr/src/app/backend/__init__.py:122]
2020-12-17 06:25:22,710 DEBUG: Initiated background thread to auto unlock tasks [in manage.py:83]
2020-12-17 06:25:22,863 DEBUG: Initiated background thread to auto unlock tasks [in /usr/src/app/manage.py:83]
2020-12-17 06:25:22,911 DEBUG: Initiated background thread to auto unlock tasks [in /usr/src/app/manage.py:83]
2020-12-17 06:25:22,925 DEBUG: Initiated background thread to auto unlock tasks [in /usr/src/app/manage.py:83]
2020-12-17 06:25:25,226 INFO: Starting up a new Tasking Manager application [in /usr/src/app/backend/__init__.py:59]
2020-12-17 06:25:25,226 DEBUG: Connecting to the database [in /usr/src/app/backend/__init__.py:62]
2020-12-17 06:25:25,226 DEBUG: Add root redirect route [in /usr/src/app/backend/__init__.py:66]
2020-12-17 06:25:25,228 DEBUG: Adding routes to API endpoints [in /usr/src/app/backend/__init__.py:122]
2020-12-17 06:25:25,866 DEBUG: Initiated background thread to auto unlock tasks [in manage.py:83]
2020-12-17 06:25:28,936 INFO: Starting up a new Tasking Manager application [in /usr/src/app/backend/__init__.py:59]
2020-12-17 06:25:28,936 DEBUG: Connecting to the database [in /usr/src/app/backend/__init__.py:62]
2020-12-17 06:25:28,937 DEBUG: Add root redirect route [in /usr/src/app/backend/__init__.py:66]
2020-12-17 06:25:28,938 DEBUG: Adding routes to API endpoints [in /usr/src/app/backend/__init__.py:122]
2020-12-17 06:25:29,723 DEBUG: Initiated background thread to auto unlock tasks [in manage.py:83]
2020-12-17 06:42:34,752 INFO: Starting up a new Tasking Manager application [in /usr/src/app/backend/__init__.py:59]
2020-12-17 06:42:34,752 DEBUG: Connecting to the database [in /usr/src/app/backend/__init__.py:62]
2020-12-17 06:42:34,752 DEBUG: Add root redirect route [in /usr/src/app/backend/__init__.py:66]
2020-12-17 06:42:34,753 DEBUG: Adding routes to API endpoints [in /usr/src/app/backend/__init__.py:122]
2020-12-17 06:42:35,044 INFO: Starting up a new Tasking Manager application [in /usr/src/app/backend/__init__.py:59]
2020-12-17 06:42:35,044 DEBUG: Connecting to the database [in /usr/src/app/backend/__init__.py:62]
2020-12-17 06:42:35,044 DEBUG: Add root redirect route [in /usr/src/app/backend/__init__.py:66]
2020-12-17 06:42:35,045 DEBUG: Adding routes to API endpoints [in /usr/src/app/backend/__init__.py:122]
2020-12-17 06:42:35,146 INFO: Starting up a new Tasking Manager application [in /usr/src/app/backend/__init__.py:59]
2020-12-17 06:42:35,146 DEBUG: Connecting to the database [in /usr/src/app/backend/__init__.py:62]
2020-12-17 06:42:35,147 DEBUG: Add root redirect route [in /usr/src/app/backend/__init__.py:66]
2020-12-17 06:42:35,149 DEBUG: Adding routes to API endpoints [in /usr/src/app/backend/__init__.py:122]
2020-12-17 06:42:35,204 INFO: Starting up a new Tasking Manager application [in /usr/src/app/backend/__init__.py:59]
2020-12-17 06:42:35,204 DEBUG: Connecting to the database [in /usr/src/app/backend/__init__.py:62]
2020-12-17 06:42:35,205 DEBUG: Add root redirect route [in /usr/src/app/backend/__init__.py:66]
2020-12-17 06:42:35,206 DEBUG: Adding routes to API endpoints [in /usr/src/app/backend/__init__.py:122]
2020-12-17 06:42:35,262 DEBUG: Initiated background thread to auto unlock tasks [in manage.py:83]
2020-12-17 06:42:35,507 DEBUG: Initiated background thread to auto unlock tasks [in /usr/src/app/manage.py:83]
2020-12-17 06:42:35,721 DEBUG: Initiated background thread to auto unlock tasks [in /usr/src/app/manage.py:83]
2020-12-17 06:42:35,750 DEBUG: Initiated background thread to auto unlock tasks [in /usr/src/app/manage.py:83]
2020-12-17 06:42:37,651 INFO: Starting up a new Tasking Manager application [in /usr/src/app/backend/__init__.py:59]
2020-12-17 06:42:37,651 DEBUG: Connecting to the database [in /usr/src/app/backend/__init__.py:62]
2020-12-17 06:42:37,652 DEBUG: Add root redirect route [in /usr/src/app/backend/__init__.py:66]
2020-12-17 06:42:37,653 DEBUG: Adding routes to API endpoints [in /usr/src/app/backend/__init__.py:122]
2020-12-17 06:42:38,157 DEBUG: Initiated background thread to auto unlock tasks [in manage.py:83]
2020-12-17 06:42:40,299 INFO: Starting up a new Tasking Manager application [in /usr/src/app/backend/__init__.py:59]
2020-12-17 06:42:40,300 DEBUG: Connecting to the database [in /usr/src/app/backend/__init__.py:62]
2020-12-17 06:42:40,300 DEBUG: Add root redirect route [in /usr/src/app/backend/__init__.py:66]
2020-12-17 06:42:40,301 DEBUG: Adding routes to API endpoints [in /usr/src/app/backend/__init__.py:122]
2020-12-17 06:42:40,786 DEBUG: Initiated background thread to auto unlock tasks [in manage.py:83]
2020-12-17 06:52:29,601 INFO: Starting up a new Tasking Manager application [in /usr/src/app/backend/__init__.py:59]
2020-12-17 06:52:29,602 DEBUG: Connecting to the database [in /usr/src/app/backend/__init__.py:62]
2020-12-17 06:52:29,602 DEBUG: Add root redirect route [in /usr/src/app/backend/__init__.py:66]
2020-12-17 06:52:29,604 DEBUG: Adding routes to API endpoints [in /usr/src/app/backend/__init__.py:122]
2020-12-17 06:52:29,737 INFO: Starting up a new Tasking Manager application [in /usr/src/app/backend/__init__.py:59]
2020-12-17 06:52:29,737 DEBUG: Connecting to the database [in /usr/src/app/backend/__init__.py:62]
2020-12-17 06:52:29,738 DEBUG: Add root redirect route [in /usr/src/app/backend/__init__.py:66]
2020-12-17 06:52:29,738 DEBUG: Adding routes to API endpoints [in /usr/src/app/backend/__init__.py:122]
2020-12-17 06:52:29,751 INFO: Starting up a new Tasking Manager application [in /usr/src/app/backend/__init__.py:59]
2020-12-17 06:52:29,751 DEBUG: Connecting to the database [in /usr/src/app/backend/__init__.py:62]
2020-12-17 06:52:29,752 DEBUG: Add root redirect route [in /usr/src/app/backend/__init__.py:66]
2020-12-17 06:52:29,752 INFO: Starting up a new Tasking Manager application [in /usr/src/app/backend/__init__.py:59]
2020-12-17 06:52:29,752 DEBUG: Connecting to the database [in /usr/src/app/backend/__init__.py:62]
2020-12-17 06:52:29,753 DEBUG: Add root redirect route [in /usr/src/app/backend/__init__.py:66]
2020-12-17 06:52:29,753 DEBUG: Adding routes to API endpoints [in /usr/src/app/backend/__init__.py:122]
2020-12-17 06:52:29,754 DEBUG: Adding routes to API endpoints [in /usr/src/app/backend/__init__.py:122]
2020-12-17 06:52:30,071 DEBUG: Initiated background thread to auto unlock tasks [in manage.py:83]
2020-12-17 06:52:30,160 DEBUG: Initiated background thread to auto unlock tasks [in /usr/src/app/manage.py:83]
2020-12-17 06:52:30,313 DEBUG: Initiated background thread to auto unlock tasks [in /usr/src/app/manage.py:83]
2020-12-17 06:52:30,317 DEBUG: Initiated background thread to auto unlock tasks [in /usr/src/app/manage.py:83]
2020-12-17 06:52:32,481 INFO: Starting up a new Tasking Manager application [in /usr/src/app/backend/__init__.py:59]
2020-12-17 06:52:32,481 DEBUG: Connecting to the database [in /usr/src/app/backend/__init__.py:62]
2020-12-17 06:52:32,482 DEBUG: Add root redirect route [in /usr/src/app/backend/__init__.py:66]
2020-12-17 06:52:32,483 DEBUG: Adding routes to API endpoints [in /usr/src/app/backend/__init__.py:122]
2020-12-17 06:52:32,999 DEBUG: Initiated background thread to auto unlock tasks [in manage.py:83]
2020-12-17 06:52:35,143 INFO: Starting up a new Tasking Manager application [in /usr/src/app/backend/__init__.py:59]
2020-12-17 06:52:35,144 DEBUG: Connecting to the database [in /usr/src/app/backend/__init__.py:62]
2020-12-17 06:52:35,144 DEBUG: Add root redirect route [in /usr/src/app/backend/__init__.py:66]
2020-12-17 06:52:35,145 DEBUG: Adding routes to API endpoints [in /usr/src/app/backend/__init__.py:122]
2020-12-17 06:52:35,633 DEBUG: Initiated background thread to auto unlock tasks [in manage.py:83]
2020-12-17 06:58:08,649 INFO: Starting up a new Tasking Manager application [in /usr/src/app/backend/__init__.py:59]
2020-12-17 06:58:08,650 DEBUG: Connecting to the database [in /usr/src/app/backend/__init__.py:62]
2020-12-17 06:58:08,650 DEBUG: Add root redirect route [in /usr/src/app/backend/__init__.py:66]
2020-12-17 06:58:08,651 DEBUG: Adding routes to API endpoints [in /usr/src/app/backend/__init__.py:122]
2020-12-17 06:58:08,929 INFO: Starting up a new Tasking Manager application [in /usr/src/app/backend/__init__.py:59]
2020-12-17 06:58:08,930 DEBUG: Connecting to the database [in /usr/src/app/backend/__init__.py:62]
2020-12-17 06:58:08,930 DEBUG: Add root redirect route [in /usr/src/app/backend/__init__.py:66]
2020-12-17 06:58:08,931 DEBUG: Adding routes to API endpoints [in /usr/src/app/backend/__init__.py:122]
2020-12-17 06:58:08,939 INFO: Starting up a new Tasking Manager application [in /usr/src/app/backend/__init__.py:59]
2020-12-17 06:58:08,940 DEBUG: Connecting to the database [in /usr/src/app/backend/__init__.py:62]
2020-12-17 06:58:08,940 DEBUG: Add root redirect route [in /usr/src/app/backend/__init__.py:66]
2020-12-17 06:58:08,941 DEBUG: Adding routes to API endpoints [in /usr/src/app/backend/__init__.py:122]
2020-12-17 06:58:08,971 INFO: Starting up a new Tasking Manager application [in /usr/src/app/backend/__init__.py:59]
2020-12-17 06:58:08,972 DEBUG: Connecting to the database [in /usr/src/app/backend/__init__.py:62]
2020-12-17 06:58:08,972 DEBUG: Add root redirect route [in /usr/src/app/backend/__init__.py:66]
2020-12-17 06:58:08,973 DEBUG: Adding routes to API endpoints [in /usr/src/app/backend/__init__.py:122]
2020-12-17 06:58:09,171 DEBUG: Initiated background thread to auto unlock tasks [in manage.py:83]
2020-12-17 06:58:09,381 DEBUG: Initiated background thread to auto unlock tasks [in /usr/src/app/manage.py:83]
2020-12-17 06:58:09,518 DEBUG: Initiated background thread to auto unlock tasks [in /usr/src/app/manage.py:83]
2020-12-17 06:58:09,548 DEBUG: Initiated background thread to auto unlock tasks [in /usr/src/app/manage.py:83]
2020-12-17 06:58:11,556 INFO: Starting up a new Tasking Manager application [in /usr/src/app/backend/__init__.py:59]
2020-12-17 06:58:11,557 DEBUG: Connecting to the database [in /usr/src/app/backend/__init__.py:62]
2020-12-17 06:58:11,557 DEBUG: Add root redirect route [in /usr/src/app/backend/__init__.py:66]
2020-12-17 06:58:11,558 DEBUG: Adding routes to API endpoints [in /usr/src/app/backend/__init__.py:122]
2020-12-17 06:58:12,050 DEBUG: Initiated background thread to auto unlock tasks [in manage.py:83]
2020-12-17 06:58:14,205 INFO: Starting up a new Tasking Manager application [in /usr/src/app/backend/__init__.py:59]
2020-12-17 06:58:14,206 DEBUG: Connecting to the database [in /usr/src/app/backend/__init__.py:62]
2020-12-17 06:58:14,206 DEBUG: Add root redirect route [in /usr/src/app/backend/__init__.py:66]
2020-12-17 06:58:14,207 DEBUG: Adding routes to API endpoints [in /usr/src/app/backend/__init__.py:122]
2020-12-17 06:58:14,692 DEBUG: Initiated background thread to auto unlock tasks [in manage.py:83]
2020-12-17 07:12:00,841 INFO: Starting up a new Tasking Manager application [in /usr/src/app/backend/__init__.py:59]
2020-12-17 07:12:00,842 DEBUG: Connecting to the database [in /usr/src/app/backend/__init__.py:62]
2020-12-17 07:12:00,842 DEBUG: Add root redirect route [in /usr/src/app/backend/__init__.py:66]
2020-12-17 07:12:00,843 DEBUG: Adding routes to API endpoints [in /usr/src/app/backend/__init__.py:122]
2020-12-17 07:12:01,268 INFO: Starting up a new Tasking Manager application [in /usr/src/app/backend/__init__.py:59]
2020-12-17 07:12:01,269 DEBUG: Connecting to the database [in /usr/src/app/backend/__init__.py:62]
2020-12-17 07:12:01,269 DEBUG: Add root redirect route [in /usr/src/app/backend/__init__.py:66]
2020-12-17 07:12:01,270 INFO: Starting up a new Tasking Manager application [in /usr/src/app/backend/__init__.py:59]
2020-12-17 07:12:01,271 DEBUG: Adding routes to API endpoints [in /usr/src/app/backend/__init__.py:122]
2020-12-17 07:12:01,271 DEBUG: Connecting to the database [in /usr/src/app/backend/__init__.py:62]
2020-12-17 07:12:01,271 DEBUG: Add root redirect route [in /usr/src/app/backend/__init__.py:66]
2020-12-17 07:12:01,273 DEBUG: Adding routes to API endpoints [in /usr/src/app/backend/__init__.py:122]
2020-12-17 07:12:01,275 INFO: Starting up a new Tasking Manager application [in /usr/src/app/backend/__init__.py:59]
2020-12-17 07:12:01,275 DEBUG: Connecting to the database [in /usr/src/app/backend/__init__.py:62]
2020-12-17 07:12:01,276 DEBUG: Add root redirect route [in /usr/src/app/backend/__init__.py:66]
2020-12-17 07:12:01,277 DEBUG: Adding routes to API endpoints [in /usr/src/app/backend/__init__.py:122]
2020-12-17 07:12:01,367 DEBUG: Initiated background thread to auto unlock tasks [in manage.py:83]
2020-12-17 07:12:01,724 DEBUG: Initiated background thread to auto unlock tasks [in /usr/src/app/manage.py:83]
2020-12-17 07:12:01,849 DEBUG: Initiated background thread to auto unlock tasks [in /usr/src/app/manage.py:83]
2020-12-17 07:12:01,850 DEBUG: Initiated background thread to auto unlock tasks [in /usr/src/app/manage.py:83]
2020-12-17 07:12:03,789 INFO: Starting up a new Tasking Manager application [in /usr/src/app/backend/__init__.py:59]
2020-12-17 07:12:03,789 DEBUG: Connecting to the database [in /usr/src/app/backend/__init__.py:62]
2020-12-17 07:12:03,789 DEBUG: Add root redirect route [in /usr/src/app/backend/__init__.py:66]
2020-12-17 07:12:03,791 DEBUG: Adding routes to API endpoints [in /usr/src/app/backend/__init__.py:122]
2020-12-17 07:12:04,301 DEBUG: Initiated background thread to auto unlock tasks [in manage.py:83]
2020-12-17 07:12:06,514 INFO: Starting up a new Tasking Manager application [in /usr/src/app/backend/__init__.py:59]
2020-12-17 07:12:06,514 DEBUG: Connecting to the database [in /usr/src/app/backend/__init__.py:62]
2020-12-17 07:12:06,515 DEBUG: Add root redirect route [in /usr/src/app/backend/__init__.py:66]
2020-12-17 07:12:06,516 DEBUG: Adding routes to API endpoints [in /usr/src/app/backend/__init__.py:122]
2020-12-17 07:12:07,016 DEBUG: Initiated background thread to auto unlock tasks [in manage.py:83]
2020-12-17 07:19:27,249 INFO: Starting up a new Tasking Manager application [in /usr/src/app/backend/__init__.py:59]
2020-12-17 07:19:27,249 DEBUG: Connecting to the database [in /usr/src/app/backend/__init__.py:62]
2020-12-17 07:19:27,249 DEBUG: Add root redirect route [in /usr/src/app/backend/__init__.py:66]
2020-12-17 07:19:27,251 DEBUG: Adding routes to API endpoints [in /usr/src/app/backend/__init__.py:122]
2020-12-17 07:19:27,442 INFO: Starting up a new Tasking Manager application [in /usr/src/app/backend/__init__.py:59]
2020-12-17 07:19:27,443 DEBUG: Connecting to the database [in /usr/src/app/backend/__init__.py:62]
2020-12-17 07:19:27,443 DEBUG: Add root redirect route [in /usr/src/app/backend/__init__.py:66]
2020-12-17 07:19:27,444 DEBUG: Adding routes to API endpoints [in /usr/src/app/backend/__init__.py:122]
2020-12-17 07:19:27,451 INFO: Starting up a new Tasking Manager application [in /usr/src/app/backend/__init__.py:59]
2020-12-17 07:19:27,452 DEBUG: Connecting to the database [in /usr/src/app/backend/__init__.py:62]
2020-12-17 07:19:27,452 DEBUG: Add root redirect route [in /usr/src/app/backend/__init__.py:66]
2020-12-17 07:19:27,453 DEBUG: Adding routes to API endpoints [in /usr/src/app/backend/__init__.py:122]
2020-12-17 07:19:27,501 INFO: Starting up a new Tasking Manager application [in /usr/src/app/backend/__init__.py:59]
2020-12-17 07:19:27,502 DEBUG: Connecting to the database [in /usr/src/app/backend/__init__.py:62]
2020-12-17 07:19:27,502 DEBUG: Add root redirect route [in /usr/src/app/backend/__init__.py:66]
2020-12-17 07:19:27,504 DEBUG: Adding routes to API endpoints [in /usr/src/app/backend/__init__.py:122]
2020-12-17 07:19:27,710 DEBUG: Initiated background thread to auto unlock tasks [in manage.py:83]
2020-12-17 07:19:27,898 DEBUG: Initiated background thread to auto unlock tasks [in /usr/src/app/manage.py:83]
2020-12-17 07:19:27,997 DEBUG: Initiated background thread to auto unlock tasks [in /usr/src/app/manage.py:83]
2020-12-17 07:19:28,033 DEBUG: Initiated background thread to auto unlock tasks [in /usr/src/app/manage.py:83]
2020-12-17 07:19:30,041 INFO: Starting up a new Tasking Manager application [in /usr/src/app/backend/__init__.py:59]
2020-12-17 07:19:30,042 DEBUG: Connecting to the database [in /usr/src/app/backend/__init__.py:62]
2020-12-17 07:19:30,042 DEBUG: Add root redirect route [in /usr/src/app/backend/__init__.py:66]
2020-12-17 07:19:30,043 DEBUG: Adding routes to API endpoints [in /usr/src/app/backend/__init__.py:122]
2020-12-17 07:19:30,554 DEBUG: Initiated background thread to auto unlock tasks [in manage.py:83]
2020-12-17 07:19:32,679 INFO: Starting up a new Tasking Manager application [in /usr/src/app/backend/__init__.py:59]
2020-12-17 07:19:32,680 DEBUG: Connecting to the database [in /usr/src/app/backend/__init__.py:62]
2020-12-17 07:19:32,680 DEBUG: Add root redirect route [in /usr/src/app/backend/__init__.py:66]
2020-12-17 07:19:32,681 DEBUG: Adding routes to API endpoints [in /usr/src/app/backend/__init__.py:122]
2020-12-17 07:19:33,171 DEBUG: Initiated background thread to auto unlock tasks [in manage.py:83]
2020-12-17 08:11:58,621 INFO: Starting up a new Tasking Manager application [in /usr/src/app/backend/__init__.py:59]
2020-12-17 08:11:58,622 DEBUG: Connecting to the database [in /usr/src/app/backend/__init__.py:62]
2020-12-17 08:11:58,623 DEBUG: Add root redirect route [in /usr/src/app/backend/__init__.py:66]
2020-12-17 08:11:58,625 DEBUG: Adding routes to API endpoints [in /usr/src/app/backend/__init__.py:122]
2020-12-17 08:11:59,373 DEBUG: Initiated background thread to auto unlock tasks [in manage.py:83]
2020-12-17 08:12:00,443 INFO: Starting up a new Tasking Manager application [in /usr/src/app/backend/__init__.py:59]
2020-12-17 08:12:00,443 INFO: Starting up a new Tasking Manager application [in /usr/src/app/backend/__init__.py:59]
2020-12-17 08:12:00,443 DEBUG: Connecting to the database [in /usr/src/app/backend/__init__.py:62]
2020-12-17 08:12:00,443 DEBUG: Connecting to the database [in /usr/src/app/backend/__init__.py:62]
2020-12-17 08:12:00,444 DEBUG: Add root redirect route [in /usr/src/app/backend/__init__.py:66]
2020-12-17 08:12:00,444 DEBUG: Add root redirect route [in /usr/src/app/backend/__init__.py:66]
2020-12-17 08:12:00,445 DEBUG: Adding routes to API endpoints [in /usr/src/app/backend/__init__.py:122]
2020-12-17 08:12:00,445 DEBUG: Adding routes to API endpoints [in /usr/src/app/backend/__init__.py:122]
2020-12-17 08:12:00,445 INFO: Starting up a new Tasking Manager application [in /usr/src/app/backend/__init__.py:59]
2020-12-17 08:12:00,446 DEBUG: Connecting to the database [in /usr/src/app/backend/__init__.py:62]
2020-12-17 08:12:00,446 DEBUG: Add root redirect route [in /usr/src/app/backend/__init__.py:66]
2020-12-17 08:12:00,448 DEBUG: Adding routes to API endpoints [in /usr/src/app/backend/__init__.py:122]
2020-12-17 08:12:01,064 DEBUG: Initiated background thread to auto unlock tasks [in /usr/src/app/manage.py:83]
2020-12-17 08:12:01,066 DEBUG: Initiated background thread to auto unlock tasks [in /usr/src/app/manage.py:83]
2020-12-17 08:12:01,084 DEBUG: Initiated background thread to auto unlock tasks [in /usr/src/app/manage.py:83]
2020-12-17 08:12:02,552 INFO: Starting up a new Tasking Manager application [in /usr/src/app/backend/__init__.py:59]
2020-12-17 08:12:02,553 DEBUG: Connecting to the database [in /usr/src/app/backend/__init__.py:62]
2020-12-17 08:12:02,553 DEBUG: Add root redirect route [in /usr/src/app/backend/__init__.py:66]
2020-12-17 08:12:02,554 DEBUG: Adding routes to API endpoints [in /usr/src/app/backend/__init__.py:122]
2020-12-17 08:12:03,211 DEBUG: Initiated background thread to auto unlock tasks [in manage.py:83]
2020-12-17 08:12:06,321 INFO: Starting up a new Tasking Manager application [in /usr/src/app/backend/__init__.py:59]
2020-12-17 08:12:06,322 DEBUG: Connecting to the database [in /usr/src/app/backend/__init__.py:62]
2020-12-17 08:12:06,322 DEBUG: Add root redirect route [in /usr/src/app/backend/__init__.py:66]
2020-12-17 08:12:06,323 DEBUG: Adding routes to API endpoints [in /usr/src/app/backend/__init__.py:122]
2020-12-17 08:12:06,959 DEBUG: Initiated background thread to auto unlock tasks [in manage.py:83]
